<?xml version="1.0" encoding="UTF-8"?>
<!-- Generated by org.testng.reporters.JUnitXMLReporter -->
<testsuite ignored="1" hostname="LAPTOP-C2IN588P" failures="0" tests="2" name="Default test" time="0.093" errors="0" timestamp="2023-10-06T19:16:47 PDT">
  <testcase classname="testng.test11e" name="TestThree" time="0.017"/>
  <testcase classname="testng.test11e" name="TestFive" time="0.001"/>
  <testcase classname="testng.test11e" name="TestFour" time="0.0">
    <ignored/>
  </testcase> <!-- TestFour -->
</testsuite> <!-- Default test -->
