<?xml version="1.0" encoding="UTF-8"?>
<!-- Generated by org.testng.reporters.JUnitXMLReporter -->
<testsuite ignored="4" hostname="LAPTOP-C2IN588P" failures="0" tests="1" name="Default test" time="4.982" errors="0" timestamp="2023-10-04T21:51:24 PDT">
  <testcase classname="testNg2.testSuiteTwo" name="TestCaseFive" time="0.258"/>
  <testcase classname="testNg2.testSuiteTwo" name="TestCaseFour" time="0.0">
    <ignored/>
  </testcase> <!-- TestCaseFour -->
  <testcase classname="testNg2.testSuiteTwo" name="TestCase" time="0.0">
    <ignored/>
  </testcase> <!-- TestCase -->
  <testcase classname="testNg2.testSuiteTwo" name="TestCaseThree" time="0.0">
    <ignored/>
  </testcase> <!-- TestCaseThree -->
  <testcase classname="testNg2.testSuiteTwo" name="TestCaseTwo" time="0.0">
    <ignored/>
  </testcase> <!-- TestCaseTwo -->
</testsuite> <!-- Default test -->
