<?xml version="1.0" encoding="UTF-8"?>
<!-- Generated by org.testng.reporters.JUnitXMLReporter -->
<testsuite ignored="1" hostname="LAPTOP-C2IN588P" failures="0" tests="2" name="Test11d" time="0.152" errors="0" timestamp="2023-10-06T19:17:39 PDT">
  <testcase classname="testng.test11d" name="TestOne" time="0.011"/>
  <testcase classname="testng.test11d" name="TestTwo" time="0.003"/>
  <testcase classname="testng.test11d" name="TestThree" time="0.0">
    <ignored/>
  </testcase> <!-- TestThree -->
</testsuite> <!-- Test11d -->
