<?xml version="1.0" encoding="UTF-8"?>
<!-- Generated by org.testng.reporters.JUnitXMLReporter -->
<testsuite ignored="3" hostname="LAPTOP-C2IN588P" failures="0" tests="0" time="0.001" errors="0" timestamp="2023-10-06T19:24:40 PDT">
  <testcase classname="testng.test11b" name="TestcaseFour" time="0.0">
    <ignored/>
  </testcase> <!-- TestcaseFour -->
  <testcase classname="testng.test11b" name="TestCaseFive" time="0.0">
    <ignored/>
  </testcase> <!-- TestCaseFive -->
  <testcase classname="testng.test11b" name="TestCaseSix" time="0.0">
    <ignored/>
  </testcase> <!-- TestCaseSix -->
</testsuite>
