<?xml version="1.0" encoding="UTF-8"?>
<!-- Generated by org.testng.reporters.JUnitXMLReporter -->
<testsuite ignored="1" hostname="LAPTOP-C2IN588P" failures="0" tests="5" name="Test" time="0.168" errors="0" timestamp="2023-10-07T19:05:50 PDT">
  <testcase classname="testng.test12" name="testCase1" time="0.012"/>
  <testcase classname="testng.test12" name="testCase2" time="0.012"/>
  <testcase classname="testng.test12" name="testCase3" time="0.006"/>
  <testcase classname="testng.test12b" name="testCase4" time="0.006"/>
  <testcase classname="testng.test12b" name="testCase6" time="0.005"/>
  <testcase classname="testng.test12b" name="testCase5" time="0.0">
    <ignored/>
  </testcase> <!-- testCase5 -->
</testsuite> <!-- Test -->
