<?xml version="1.0" encoding="UTF-8"?>
<!-- Generated by org.testng.reporters.JUnitXMLReporter -->
<testsuite ignored="1" hostname="LAPTOP-C2IN588P" failures="0" tests="2" name="Test" time="0.092" errors="0" timestamp="2023-10-06T21:20:58 PDT">
  <testcase classname="testNg3.day4c" name="testCaseOne" time="0.007"/>
  <testcase classname="testNg3.day4c" name="testCaseTwo" time="0.001"/>
  <testcase classname="testNg3.day4c" name="testCaseThree" time="0.0">
    <ignored/>
  </testcase> <!-- testCaseThree -->
</testsuite> <!-- Test -->
