<?xml version="1.0" encoding="UTF-8"?>
<!-- Generated by org.testng.reporters.JUnitXMLReporter -->
<testsuite ignored="3" hostname="LAPTOP-C2IN588P" failures="0" tests="0" time="0.001" errors="0" timestamp="2023-10-06T19:17:39 PDT">
  <testcase classname="testng.test11e" name="TestFour" time="0.0">
    <ignored/>
  </testcase> <!-- TestFour -->
  <testcase classname="testng.test11e" name="TestThree" time="0.0">
    <ignored/>
  </testcase> <!-- TestThree -->
  <testcase classname="testng.test11e" name="TestFive" time="0.0">
    <ignored/>
  </testcase> <!-- TestFive -->
</testsuite>
