<?xml version="1.0" encoding="UTF-8"?>
<testng-results ignored="0" total="1" passed="1" failed="0" skipped="0">
  <reporter-output>
  </reporter-output>
  <suite started-at="2023-10-04T09:35:28 PDT" name="Default suite" finished-at="2023-10-04T09:35:35 PDT" duration-ms="6032">
    <groups>
    </groups>
    <test started-at="2023-10-04T09:35:28 PDT" name="Default test" finished-at="2023-10-04T09:35:35 PDT" duration-ms="6032">
      <class name="testNg3.day2c">
        <test-method is-config="true" signature="login()[pri:0, instance:testNg3.day2c@4d5650ae]" started-at="2023-10-04T09:35:29 PDT" name="login" finished-at="2023-10-04T09:35:33 PDT" duration-ms="4505" status="PASS">
          <reporter-output>
          </reporter-output>
        </test-method> <!-- login -->
        <test-method signature="validateLoginonFailuser()[pri:0, instance:testNg3.day2c@4d5650ae]" started-at="2023-10-04T09:35:33 PDT" name="validateLoginonFailuser" finished-at="2023-10-04T09:35:34 PDT" duration-ms="671" status="PASS">
          <reporter-output>
          </reporter-output>
        </test-method> <!-- validateLoginonFailuser -->
        <test-method is-config="true" signature="BroswerClose()[pri:0, instance:testNg3.day2c@4d5650ae]" started-at="2023-10-04T09:35:34 PDT" name="BroswerClose" finished-at="2023-10-04T09:35:34 PDT" duration-ms="746" status="PASS">
          <reporter-output>
          </reporter-output>
        </test-method> <!-- BroswerClose -->
      </class> <!-- testNg3.day2c -->
    </test> <!-- Default test -->
  </suite> <!-- Default suite -->
</testng-results>
